  [1m[35m (2.2ms)[0m  [1m[35mCREATE TABLE "schema_migrations" ("version" varchar NOT NULL PRIMARY KEY) /*application='RailsApi'*/[0m
  [1m[35m (0.2ms)[0m  [1m[35mCREATE TABLE "ar_internal_metadata" ("key" varchar NOT NULL PRIMARY KEY, "value" varchar, "created_at" datetime(6) NOT NULL, "updated_at" datetime(6) NOT NULL) /*application='RailsApi'*/[0m
  [1m[36mActiveRecord::InternalMetadata Load (0.1ms)[0m  [1m[34mSELECT * FROM "ar_internal_metadata" WHERE "ar_internal_metadata"."key" = 'environment' ORDER BY "ar_internal_metadata"."key" ASC LIMIT 1 /*application='RailsApi'*/[0m
  [1m[36mActiveRecord::InternalMetadata Create (0.1ms)[0m  [1m[32mINSERT INTO "ar_internal_metadata" ("key", "value", "created_at", "updated_at") VALUES ('environment', 'development', '2025-02-21 05:03:21.407825', '2025-02-21 05:03:21.407828') RETURNING "key" /*application='RailsApi'*/[0m
  [1m[36mActiveRecord::SchemaMigration Load (0.1ms)[0m  [1m[34mSELECT "schema_migrations"."version" FROM "schema_migrations" ORDER BY "schema_migrations"."version" ASC /*application='RailsApi'*/[0m
Migrating to CreateGroups (20250221050213)
  [1m[36mTRANSACTION (0.0ms)[0m  [1m[35mBEGIN immediate TRANSACTION /*application='RailsApi'*/[0m
  [1m[35m (1.4ms)[0m  [1m[35mCREATE TABLE "groups" ("id" integer PRIMARY KEY AUTOINCREMENT NOT NULL, "name" varchar, "created_at" datetime(6) NOT NULL, "updated_at" datetime(6) NOT NULL) /*application='RailsApi'*/[0m
  [1m[36mActiveRecord::SchemaMigration Create (0.1ms)[0m  [1m[32mINSERT INTO "schema_migrations" ("version") VALUES ('20250221050213') RETURNING "version" /*application='RailsApi'*/[0m
  [1m[36mTRANSACTION (0.1ms)[0m  [1m[35mCOMMIT TRANSACTION /*application='RailsApi'*/[0m
  [1m[36mActiveRecord::SchemaMigration Load (0.2ms)[0m  [1m[34mSELECT "schema_migrations"."version" FROM "schema_migrations" ORDER BY "schema_migrations"."version" ASC /*application='RailsApi'*/[0m
  [1m[36mTRANSACTION (0.2ms)[0m  [1m[35mBEGIN immediate TRANSACTION /*application='RailsApi'*/[0m
  [1m[36mGroup Create (4.5ms)[0m  [1m[32mINSERT INTO "groups" ("name", "created_at", "updated_at") VALUES ('Rails Founders', '2025-02-21 05:06:46.135775', '2025-02-21 05:06:46.135775') RETURNING "id" /*application='RailsApi'*/[0m
  [1m[36mTRANSACTION (1.5ms)[0m  [1m[35mCOMMIT TRANSACTION /*application='RailsApi'*/[0m
  [1m[36mTRANSACTION (0.1ms)[0m  [1m[35mBEGIN immediate TRANSACTION /*application='RailsApi'*/[0m
  [1m[36mGroup Create (1.0ms)[0m  [1m[32mINSERT INTO "groups" ("name", "created_at", "updated_at") VALUES ('Rails Contributors', '2025-02-21 05:07:12.835092', '2025-02-21 05:07:12.835092') RETURNING "id" /*application='RailsApi'*/[0m
  [1m[36mTRANSACTION (0.1ms)[0m  [1m[35mCOMMIT TRANSACTION /*application='RailsApi'*/[0m
Started GET "/" for 10.240.1.34 at 2025-02-21 05:07:36 +0000
  [1m[36mActiveRecord::SchemaMigration Load (0.6ms)[0m  [1m[34mSELECT "schema_migrations"."version" FROM "schema_migrations" ORDER BY "schema_migrations"."version" ASC /*application='RailsApi'*/[0m
Processing by Rails::WelcomeController#index as HTML
  Rendering /usr/local/rvm/gems/ruby-3.3.4/gems/railties-8.0.1/lib/rails/templates/rails/welcome/index.html.erb
  Rendered /usr/local/rvm/gems/ruby-3.3.4/gems/railties-8.0.1/lib/rails/templates/rails/welcome/index.html.erb (Duration: 1.1ms | GC: 0.0ms)
Completed 200 OK in 31ms (Views: 8.4ms | ActiveRecord: 0.0ms (0 queries, 0 cached) | GC: 0.0ms)


Started GET "/groups.json" for 10.240.1.34 at 2025-02-21 05:07:50 +0000
Processing by GroupsController#index as JSON
Completed 500 Internal Server Error in 0ms (ActiveRecord: 0.0ms (0 queries, 0 cached) | GC: 0.0ms)


  
NameError (uninitialized constant GroupsController::Groupf):
  
app/controllers/groups_controller.rb:6:in `index'
Started GET "/favicon.ico" for 10.240.1.34 at 2025-02-21 05:07:51 +0000
  
ActionController::RoutingError (No route matches [GET] "/favicon.ico"):
  
Started GET "/groups" for 10.240.4.161 at 2025-02-21 05:09:45 +0000
Processing by GroupsController#index as HTML
Completed 500 Internal Server Error in 0ms (ActiveRecord: 0.0ms (0 queries, 0 cached) | GC: 0.0ms)


  
NameError (uninitialized constant GroupsController::Groupf):
  
app/controllers/groups_controller.rb:6:in `index'
Started GET "/" for 10.240.4.161 at 2025-02-21 05:10:21 +0000
  [1m[36mActiveRecord::SchemaMigration Load (0.7ms)[0m  [1m[34mSELECT "schema_migrations"."version" FROM "schema_migrations" ORDER BY "schema_migrations"."version" ASC /*application='RailsApi'*/[0m
Processing by Rails::WelcomeController#index as HTML
  Rendering /usr/local/rvm/gems/ruby-3.3.4/gems/railties-8.0.1/lib/rails/templates/rails/welcome/index.html.erb
  Rendered /usr/local/rvm/gems/ruby-3.3.4/gems/railties-8.0.1/lib/rails/templates/rails/welcome/index.html.erb (Duration: 0.9ms | GC: 0.0ms)
Completed 200 OK in 15ms (Views: 5.0ms | ActiveRecord: 0.0ms (0 queries, 0 cached) | GC: 0.0ms)


Started GET "/group" for 10.240.4.161 at 2025-02-21 05:10:26 +0000
  
ActionController::RoutingError (No route matches [GET] "/group"):
  
Started GET "/group.json" for 10.240.4.161 at 2025-02-21 05:10:50 +0000
  
ActionController::RoutingError (No route matches [GET] "/group.json"):
  
Started GET "/groups.json" for 10.240.4.161 at 2025-02-21 05:11:13 +0000
Processing by GroupsController#index as JSON
Completed 500 Internal Server Error in 0ms (ActiveRecord: 0.0ms (0 queries, 0 cached) | GC: 0.0ms)


  
NameError (uninitialized constant GroupsController::Groupf):
  
app/controllers/groups_controller.rb:6:in `index'
Started GET "/groups" for 10.240.4.161 at 2025-02-21 05:11:51 +0000
Processing by GroupsController#index as HTML
Completed 500 Internal Server Error in 0ms (ActiveRecord: 0.0ms (0 queries, 0 cached) | GC: 0.0ms)


  
NameError (uninitialized constant GroupsController::Groupf):
  
app/controllers/groups_controller.rb:6:in `index'
Started GET "/groups" for 10.240.0.199 at 2025-02-21 05:11:56 +0000
Processing by GroupsController#index as HTML
Completed 500 Internal Server Error in 1ms (ActiveRecord: 0.0ms (0 queries, 0 cached) | GC: 0.0ms)


  
NameError (uninitialized constant GroupsController::Groupf):
  
app/controllers/groups_controller.rb:6:in `index'
Started GET "/groups" for 10.240.0.199 at 2025-02-21 05:11:57 +0000
Processing by GroupsController#index as HTML
Completed 500 Internal Server Error in 1ms (ActiveRecord: 0.0ms (0 queries, 0 cached) | GC: 0.0ms)


  
NameError (uninitialized constant GroupsController::Groupf):
  
app/controllers/groups_controller.rb:6:in `index'
Started GET "/" for 10.240.0.199 at 2025-02-21 05:12:28 +0000
  [1m[36mActiveRecord::SchemaMigration Load (0.8ms)[0m  [1m[34mSELECT "schema_migrations"."version" FROM "schema_migrations" ORDER BY "schema_migrations"."version" ASC /*application='RailsApi'*/[0m
Processing by Rails::WelcomeController#index as HTML
  Rendering /usr/local/rvm/gems/ruby-3.3.4/gems/railties-8.0.1/lib/rails/templates/rails/welcome/index.html.erb
  Rendered /usr/local/rvm/gems/ruby-3.3.4/gems/railties-8.0.1/lib/rails/templates/rails/welcome/index.html.erb (Duration: 0.7ms | GC: 0.0ms)
Completed 200 OK in 11ms (Views: 3.2ms | ActiveRecord: 0.0ms (0 queries, 0 cached) | GC: 0.0ms)


Started GET "/groups" for 10.240.0.199 at 2025-02-21 05:12:35 +0000
Processing by GroupsController#index as HTML
  [1m[36mGroup Load (1.0ms)[0m  [1m[34mSELECT "groups".* FROM "groups" /*action='index',application='RailsApi',controller='groups'*/[0m
  ↳ app/controllers/groups_controller.rb:8:in `index'
Completed 200 OK in 31ms (Views: 16.9ms | ActiveRecord: 2.4ms (1 query, 0 cached) | GC: 0.0ms)


Started GET "/groups.json" for 10.240.0.199 at 2025-02-21 05:12:48 +0000
Processing by GroupsController#index as JSON
  [1m[36mGroup Load (4.3ms)[0m  [1m[34mSELECT "groups".* FROM "groups" /*action='index',application='RailsApi',controller='groups'*/[0m
  ↳ app/controllers/groups_controller.rb:8:in `index'
Completed 200 OK in 11ms (Views: 5.5ms | ActiveRecord: 4.3ms (1 query, 0 cached) | GC: 0.0ms)


